<?xml version="1.0" encoding="UTF-8"?>
<testsuite xmlns:xsi="http://www.w3.org/2001/XMLSchema-instance" xsi:noNamespaceSchemaLocation="https://maven.apache.org/surefire/maven-surefire-plugin/xsd/surefire-test-report.xsd" name="com.itranswarp.exchange.TradingEngineServiceTest" time="2.763" tests="2" errors="0" skipped="0" failures="0">
  <properties>
[...]
</properties>
  <testcase name="testTradingEngine" classname="com.itranswarp.exchange.TradingEngineServiceTest" time="0.068"/>
  <testcase name="testRandom" classname="com.itranswarp.exchange.TradingEngineServiceTest" time="2.695"/>
</testsuite>